{"level":"info","message":"Database is connected successfully"}
{"level":"info","message":"Application listening on port 5000"}
{"level":"info","message":"Connecting to the database..."}
{"level":"info","message":"Connecting to the database..."}
{"level":"info","message":"Database is connected successfully"}
{"level":"info","message":"Database is connected successfully"}
{"level":"info","message":"Application listening on port 5001"}
{"level":"info","message":"Connecting to the database..."}
{"level":"info","message":"Database is connected successfully"}
{"level":"info","message":"Application listening on port 5001"}
{"level":"info","message":"Connecting to the database..."}
{"level":"info","message":"Connecting to the database..."}
{"level":"info","message":"Database is connected successfully"}
{"level":"info","message":"Database is connected successfully"}
{"level":"info","message":"Application listening on port 5001"}
{"level":"info","message":"Connecting to the database..."}
{"level":"info","message":"Connecting to the database..."}
{"level":"info","message":"Database is connected successfully"}
{"level":"info","message":"Database is connected successfully"}
{"level":"info","message":"Application listening on port 5001"}
{"level":"info","message":"Connecting to the database..."}
{"level":"info","message":"Connecting to the database..."}
{"level":"info","message":"Database is connected successfully"}
{"level":"info","message":"Database is connected successfully"}
{"level":"info","message":"Application listening on port 5001"}
{"level":"info","message":"Connecting to the database..."}
{"level":"info","message":"Connecting to the database..."}
{"level":"info","message":"Database is connected successfully"}
{"level":"info","message":"Database is connected successfully"}
{"level":"info","message":"Application listening on port 5001"}
{"level":"info","message":"Connecting to the database..."}
{"level":"info","message":"Connecting to the database..."}
{"level":"info","message":"Database is connected successfully"}
{"level":"info","message":"Application listening on port 5001"}
{"level":"info","message":"Database is connected successfully"}
{"level":"info","message":"Connecting to the database..."}
{"level":"info","message":"Connecting to the database..."}
{"level":"info","message":"Database is connected successfully"}
{"level":"info","message":"Application listening on port 5001"}
{"level":"info","message":"Database is connected successfully"}
2024-05-20T06:07:31.930Z [right meow!] info: Connecting to the database...
2024-05-20T06:07:31.930Z [right meow!] info: Connecting to the database...
2024-05-20T06:07:33.460Z [right meow!] info: Database is connected successfully
2024-05-20T06:07:33.460Z [right meow!] info: Database is connected successfully
2024-05-20T06:07:33.463Z [right meow!] info: Application listening on port 5001
2024-05-20T06:09:04.384Z [right meow!] info: Connecting to the database...
2024-05-20T06:09:07.700Z [right meow!] info: Database is connected successfully
2024-05-20T06:13:24.915Z [right meow!] info: Connecting to the database...
2024-05-20T06:13:27.024Z [right meow!] info: Database is connected successfully
2024-05-20T06:13:27.033Z [right meow!] info: Application listening on port 5001
2024-05-20T06:20:58.847Z [Me mehjabin khan] info: Connecting to the database...
2024-05-20T06:20:58.848Z [Me mehjabin khan] info: Connecting to the database...
2024-05-20T06:20:58.848Z [Me mehjabin khan] info: Connecting to the database...
2024-05-20T06:20:59.978Z [Me mehjabin khan] info: Database is connected successfully
2024-05-20T06:20:59.980Z [Me mehjabin khan] info: Application listening on port 5001
2024-05-20T06:21:00.017Z [Me mehjabin khan] info: Database is connected successfully
2024-05-20T06:21:00.021Z [Me mehjabin khan] info: Database is connected successfully
2024-05-20T06:21:00.993Z [Me mehjabin khan!] info: Connecting to the database...
2024-05-20T06:21:01.000Z [Me mehjabin khan!] info: Connecting to the database...
2024-05-20T06:21:01.034Z [Me mehjabin khan!] info: Connecting to the database...
2024-05-20T06:21:01.737Z [Me mehjabin khan!] info: Database is connected successfully
2024-05-20T06:21:01.742Z [Me mehjabin khan!] info: Application listening on port 5001
2024-05-20T06:21:01.875Z [Me mehjabin khan!] info: Database is connected successfully
2024-05-20T06:21:01.941Z [Me mehjabin khan!] info: Database is connected successfully
2024-05-20T06:21:06.083Z [Me Mehjabin khan!] info: Connecting to the database...
2024-05-20T06:21:06.089Z [Me Mehjabin khan!] info: Connecting to the database...
2024-05-20T06:21:06.092Z [Me Mehjabin khan!] info: Connecting to the database...
2024-05-20T06:21:06.888Z [Me Mehjabin khan!] info: Database is connected successfully
2024-05-20T06:21:06.893Z [Me Mehjabin khan!] info: Application listening on port 5001
2024-05-20T06:21:06.979Z [Me Mehjabin khan!] info: Database is connected successfully
2024-05-20T06:21:11.133Z [Me Mehjabin khan!] info: Database is connected successfully
2024-05-20T06:21:28.082Z [Me Mehjabin khan!] info: Connecting to the database...
2024-05-20T06:21:28.082Z [Me Mehjabin khan!] info: Connecting to the database...
2024-05-20T06:21:28.088Z [Me Mehjabin khan!] info: Connecting to the database...
2024-05-20T06:21:28.800Z [Me Mehjabin khan!] info: Database is connected successfully
2024-05-20T06:21:28.821Z [Me Mehjabin khan!] info: Application listening on port 5001
2024-05-20T06:21:29.639Z [Me Mehjabin khan!] info: Connecting to the database...
2024-05-20T06:21:29.644Z [Me Mehjabin khan!] info: Connecting to the database...
2024-05-20T06:21:29.645Z [Me Mehjabin khan!] info: Connecting to the database...
2024-05-20T06:21:31.645Z [Me Mehjabin khan!] info: Database is connected successfully
2024-05-20T06:21:31.647Z [Me Mehjabin khan!] info: Application listening on port 5001
2024-05-20T06:21:31.746Z [Me Mehjabin khan!] info: Database is connected successfully
2024-05-20T06:21:32.725Z [Me Mehjabin khan!] info: Database is connected successfully
2024-05-20T06:24:34.467Z [Me Mehjabin khan!] info: Connecting to the database...
2024-05-20T06:24:34.470Z [Me Mehjabin khan!] info: Connecting to the database...
2024-05-20T06:24:34.469Z [Me Mehjabin khan!] info: Connecting to the database...
2024-05-20T06:24:35.608Z [Me Mehjabin khan!] info: Connecting to the database...
2024-05-20T06:24:35.613Z [Me Mehjabin khan!] info: Connecting to the database...
2024-05-20T06:24:35.613Z [Me Mehjabin khan!] info: Connecting to the database...
2024-05-20T06:24:36.987Z [Me Mehjabin khan!] info: Database is connected successfully
2024-05-20T06:24:36.988Z [Me Mehjabin khan!] info: Database is connected successfully
2024-05-20T06:24:36.990Z [Me Mehjabin khan!] info: Application listening on port 5001
2024-05-20T06:24:37.009Z [Me Mehjabin khan!] info: Database is connected successfully
2024-05-20T06:24:38.865Z [Me Mehjabin khan!] info: Connecting to the database...
2024-05-20T06:24:38.869Z [Me Mehjabin khan!] info: Connecting to the database...
2024-05-20T06:24:38.869Z [Me Mehjabin khan!] info: Connecting to the database...
2024-05-20T06:24:40.069Z [Me Mehjabin khan!] info: Database is connected successfully
2024-05-20T06:24:40.070Z [Me Mehjabin khan!] info: Database is connected successfully
2024-05-20T06:24:40.072Z [Me Mehjabin khan!] info: Application listening on port 5001
2024-05-20T06:24:40.080Z [Me Mehjabin khan!] info: Database is connected successfully
2024-05-20T06:24:42.667Z [Me Mehjabin khan!] info: Connecting to the database...
2024-05-20T06:24:42.670Z [Me Mehjabin khan!] info: Connecting to the database...
2024-05-20T06:24:42.673Z [Me Mehjabin khan!] info: Connecting to the database...
2024-05-20T06:24:43.548Z [Me Mehjabin khan!] info: Database is connected successfully
2024-05-20T06:24:43.551Z [Me Mehjabin khan!] info: Application listening on port 5001
2024-05-20T06:24:43.614Z [Me Mehjabin khan!] info: Database is connected successfully
2024-05-20T06:24:45.499Z [Me Mehjabin khan!] info: Database is connected successfully
2024-05-20T06:24:57.918Z [Me Mehjabin khan!] info: Connecting to the database...
2024-05-20T06:24:57.917Z [Me Mehjabin khan!] info: Connecting to the database...
2024-05-20T06:24:57.918Z [Me Mehjabin khan!] info: Connecting to the database...
2024-05-20T06:24:58.899Z [Me Mehjabin khan!] info: Database is connected successfully
2024-05-20T06:24:58.899Z [Me Mehjabin khan!] info: Database is connected successfully
2024-05-20T06:24:58.899Z [Me Mehjabin khan!] info: Database is connected successfully
2024-05-20T06:24:58.902Z [Me Mehjabin khan!] info: Application listening on port 5001
2024-05-20T06:25:07.020Z [Me Mehjabin khan!] info: Connecting to the database...
2024-05-20T06:25:07.019Z [Me Mehjabin khan!] info: Connecting to the database...
2024-05-20T06:25:07.025Z [Me Mehjabin khan!] info: Connecting to the database...
2024-05-20T06:25:07.802Z [Me Mehjabin khan!] info: Database is connected successfully
2024-05-20T06:25:07.805Z [Me Mehjabin khan!] info: Application listening on port 5001
2024-05-20T06:25:07.925Z [Me Mehjabin khan!] info: Database is connected successfully
2024-05-20T06:25:07.927Z [Me Mehjabin khan!] info: Database is connected successfully
2024-05-20T06:25:13.386Z [Me Mehjabin khan!] info: Connecting to the database...
2024-05-20T06:25:13.389Z [Me Mehjabin khan!] info: Connecting to the database...
2024-05-20T06:25:13.397Z [Me Mehjabin khan!] info: Connecting to the database...
2024-05-20T06:25:14.212Z [Me Mehjabin khan!] info: Database is connected successfully
2024-05-20T06:25:14.216Z [Me Mehjabin khan!] info: Application listening on port 5001
2024-05-20T06:25:14.365Z [Me Mehjabin khan!] info: Database is connected successfully
2024-05-20T06:25:15.256Z [Me Mehjabin khan!] info: Connecting to the database...
2024-05-20T06:25:15.257Z [Me Mehjabin khan!] info: Connecting to the database...
2024-05-20T06:25:15.258Z [Me Mehjabin khan!] info: Connecting to the database...
2024-05-20T06:25:17.184Z [Me Mehjabin khan!] info: Database is connected successfully
2024-05-20T06:25:17.187Z [Me Mehjabin khan!] info: Application listening on port 5001
2024-05-20T06:25:17.228Z [Me Mehjabin khan!] info: Database is connected successfully
2024-05-20T06:25:17.233Z [Me Mehjabin khan!] info: Database is connected successfully
2024-05-20T06:25:38.809Z [Me Mehjabin khan!] info: Connecting to the database...
2024-05-20T06:25:38.827Z [Me Mehjabin khan!] info: Connecting to the database...
2024-05-20T06:25:38.877Z [Me Mehjabin khan!] info: Connecting to the database...
2024-05-20T06:25:42.374Z [Me Mehjabin khan!] info: Connecting to the database...
2024-05-20T06:25:42.379Z [Me Mehjabin khan!] info: Connecting to the database...
2024-05-20T06:25:42.387Z [Me Mehjabin khan!] info: Connecting to the database...
2024-05-20T06:25:44.565Z [Me Mehjabin khan!] info: Connecting to the database...
2024-05-20T06:25:44.568Z [Me Mehjabin khan!] info: Connecting to the database...
2024-05-20T06:25:44.590Z [Me Mehjabin khan!] info: Connecting to the database...
2024-05-20T06:25:46.121Z [Me Mehjabin khan!] info: Connecting to the database...
2024-05-20T06:25:46.118Z [Me Mehjabin khan!] info: Connecting to the database...
2024-05-20T06:25:46.136Z [Me Mehjabin khan!] info: Connecting to the database...
2024-05-20T06:25:47.156Z [Me Mehjabin khan!] info: Database is connected successfully
2024-05-20T06:25:47.160Z [Me Mehjabin khan!] info: Application listening on port 5001
2024-05-20T06:25:47.261Z [Me Mehjabin khan!] info: Database is connected successfully
2024-05-20T06:25:47.306Z [Me Mehjabin khan!] info: Database is connected successfully
2024-05-20T06:25:53.842Z [Me Mehjabin khan!] info: Connecting to the database...
2024-05-20T06:25:53.850Z [Me Mehjabin khan!] info: Connecting to the database...
2024-05-20T06:25:53.862Z [Me Mehjabin khan!] info: Connecting to the database...
2024-05-20T06:25:54.803Z [Me Mehjabin khan!] info: Database is connected successfully
2024-05-20T06:25:54.806Z [Me Mehjabin khan!] info: Application listening on port 5001
2024-05-20T06:25:54.856Z [Me Mehjabin khan!] info: Database is connected successfully
2024-05-20T06:25:54.865Z [Me Mehjabin khan!] info: Database is connected successfully
2024-05-20T06:25:59.402Z [Me Mehjabin khan!] info: Connecting to the database...
2024-05-20T06:25:59.402Z [Me Mehjabin khan!] info: Connecting to the database...
2024-05-20T06:25:59.408Z [Me Mehjabin khan!] info: Connecting to the database...
2024-05-20T06:26:01.139Z [Me Mehjabin khan!] info: Database is connected successfully
2024-05-20T06:26:01.141Z [Me Mehjabin khan!] info: Application listening on port 5001
2024-05-20T06:26:01.240Z [Me Mehjabin khan!] info: Database is connected successfully
2024-05-20T06:26:01.299Z [Me Mehjabin khan!] info: Database is connected successfully
Mon May 20 2024 12:26:14 GMT+0600 (Bangladesh Standard Time) [Me Mehjabin khan!] info: Connecting to the database...
Mon May 20 2024 12:26:14 GMT+0600 (Bangladesh Standard Time) [Me Mehjabin khan!] info: Connecting to the database...
Mon May 20 2024 12:26:14 GMT+0600 (Bangladesh Standard Time) [Me Mehjabin khan!] info: Connecting to the database...
Mon May 20 2024 12:26:15 GMT+0600 (Bangladesh Standard Time) [Me Mehjabin khan!] info: Database is connected successfully
Mon May 20 2024 12:26:15 GMT+0600 (Bangladesh Standard Time) [Me Mehjabin khan!] info: Database is connected successfully
Mon May 20 2024 12:26:15 GMT+0600 (Bangladesh Standard Time) [Me Mehjabin khan!] info: Application listening on port 5001
Mon May 20 2024 12:26:15 GMT+0600 (Bangladesh Standard Time) [Me Mehjabin khan!] info: Database is connected successfully
undefined [Me Mehjabin khan!] info: Connecting to the database...
undefined [Me Mehjabin khan!] info: Connecting to the database...
undefined [Me Mehjabin khan!] info: Connecting to the database...
function toDateString() { [native code] } [Me Mehjabin khan!] info: Connecting to the database...
function toDateString() { [native code] } [Me Mehjabin khan!] info: Connecting to the database...
function toDateString() { [native code] } [Me Mehjabin khan!] info: Connecting to the database...
function toDateString() { [native code] } [Me Mehjabin khan!] info: Database is connected successfully
function toDateString() { [native code] } [Me Mehjabin khan!] info: Application listening on port 5001
function toDateString() { [native code] } [Me Mehjabin khan!] info: Database is connected successfully
function toDateString() { [native code] } [Me Mehjabin khan!] info: Database is connected successfully
Mon May 20 2024 [Me Mehjabin khan!] info: Connecting to the database...
Mon May 20 2024 [Me Mehjabin khan!] info: Connecting to the database...
Mon May 20 2024 [Me Mehjabin khan!] info: Connecting to the database...
Mon May 20 2024 [Me Mehjabin khan!] info: Connecting to the database...
Mon May 20 2024 [Me Mehjabin khan!] info: Connecting to the database...
Mon May 20 2024 [Me Mehjabin khan!] info: Connecting to the database...
Mon May 20 2024 [Me Mehjabin khan!] info: Database is connected successfully
Mon May 20 2024 [Me Mehjabin khan!] info: Application listening on port 5001
Mon May 20 2024$(hour)} [Me Mehjabin khan!] info: Connecting to the database...
Mon May 20 2024$(hour)} [Me Mehjabin khan!] info: Connecting to the database...
Mon May 20 2024$(hour)} [Me Mehjabin khan!] info: Connecting to the database...
Mon May 20 2024$(hour)} [Me Mehjabin khan!] info: Database is connected successfully
Mon May 20 2024$(hour)} [Me Mehjabin khan!] info: Application listening on port 5001
Mon May 20 2024$(hour)} [Me Mehjabin khan!] info: Database is connected successfully
Mon May 20 2024$(hour)} [Me Mehjabin khan!] info: Database is connected successfully
Mon May 20 2024$hour)} [Me Mehjabin khan!] info: Connecting to the database...
Mon May 20 2024$hour)} [Me Mehjabin khan!] info: Connecting to the database...
Mon May 20 2024$hour)} [Me Mehjabin khan!] info: Connecting to the database...
Mon May 20 2024$hour)} [Me Mehjabin khan!] info: Database is connected successfully
Mon May 20 2024$hour)} [Me Mehjabin khan!] info: Application listening on port 5001
Mon May 20 2024$hour)} [Me Mehjabin khan!] info: Database is connected successfully
Mon May 20 2024$hour)} [Me Mehjabin khan!] info: Database is connected successfully
Mon May 20 202412 [Me Mehjabin khan!] info: Connecting to the database...
Mon May 20 202412 [Me Mehjabin khan!] info: Connecting to the database...
Mon May 20 202412 [Me Mehjabin khan!] info: Connecting to the database...
Mon May 20 202412 [Me Mehjabin khan!] info: Database is connected successfully
Mon May 20 202412 [Me Mehjabin khan!] info: Application listening on port 5001
Mon May 20 202412 [Me Mehjabin khan!] info: Database is connected successfully
Mon May 20 202412 [Me Mehjabin khan!] info: Database is connected successfully
Mon May 20 202412: [Me Mehjabin khan!] info: Connecting to the database...
Mon May 20 202412: [Me Mehjabin khan!] info: Connecting to the database...
Mon May 20 202412: [Me Mehjabin khan!] info: Connecting to the database...
Mon May 20 202412: [Me Mehjabin khan!] info: Database is connected successfully
Mon May 20 202412: [Me Mehjabin khan!] info: Database is connected successfully
Mon May 20 202412: [Me Mehjabin khan!] info: Application listening on port 5001
Mon May 20 202412: [Me Mehjabin khan!] info: Database is connected successfully
Mon May 20 202412:$ [Me Mehjabin khan!] info: Connecting to the database...
Mon May 20 202412:$ [Me Mehjabin khan!] info: Connecting to the database...
Mon May 20 202412:$ [Me Mehjabin khan!] info: Connecting to the database...
Mon May 20 202412:27 [Me Mehjabin khan!] info: Connecting to the database...
Mon May 20 202412:27 [Me Mehjabin khan!] info: Connecting to the database...
Mon May 20 202412:27 [Me Mehjabin khan!] info: Connecting to the database...
Mon May 20 202412:27 [Me Mehjabin khan!] info: Database is connected successfully
Mon May 20 202412:27 [Me Mehjabin khan!] info: Database is connected successfully
Mon May 20 202412:27 [Me Mehjabin khan!] info: Database is connected successfully
Mon May 20 202412:27 [Me Mehjabin khan!] info: Application listening on port 5001
Mon May 20 202412:27 :[Me Mehjabin khan!] info: Connecting to the database...
Mon May 20 202412:27 :[Me Mehjabin khan!] info: Connecting to the database...
Mon May 20 202412:27 :[Me Mehjabin khan!] info: Connecting to the database...
Mon May 20 202412:27 :[Me Mehjabin khan!] info: Database is connected successfully
Mon May 20 202412:27 :[Me Mehjabin khan!] info: Database is connected successfully
Mon May 20 202412:27 :[Me Mehjabin khan!] info: Database is connected successfully
Mon May 20 202412:27 :[Me Mehjabin khan!] info: Application listening on port 5001
Mon May 20 202412:27 :$ {[Me Mehjabin khan!] info: Connecting to the database...
Mon May 20 202412:27 :$ {[Me Mehjabin khan!] info: Connecting to the database...
Mon May 20 202412:27 :$ {[Me Mehjabin khan!] info: Connecting to the database...
Mon May 20 202412:27 :$ {}[Me Mehjabin khan!] info: Connecting to the database...
Mon May 20 202412:27 :$ {}[Me Mehjabin khan!] info: Connecting to the database...
Mon May 20 202412:27 :$ {}[Me Mehjabin khan!] info: Connecting to the database...
Mon May 20 202412:27 :$ {}[Me Mehjabin khan!] info: Database is connected successfully
Mon May 20 202412:27 :$ {}[Me Mehjabin khan!] info: Application listening on port 5001
Mon May 20 202412:27 :$ {}[Me Mehjabin khan!] info: Database is connected successfully
Mon May 20 202412:27 :$ {}[Me Mehjabin khan!] info: Database is connected successfully
Mon May 20 202412:27 :44 [Me Mehjabin khan!] info: Connecting to the database...
Mon May 20 202412:27 :44 [Me Mehjabin khan!] info: Connecting to the database...
Mon May 20 202412:27 :44 [Me Mehjabin khan!] info: Connecting to the database...
Mon May 20 202412:27 :45 [Me Mehjabin khan!] info: Database is connected successfully
Mon May 20 202412:27 :45 [Me Mehjabin khan!] info: Database is connected successfully
Mon May 20 202412:27 :45 [Me Mehjabin khan!] info: Application listening on port 5001
Mon May 20 202412:27 :45 [Me Mehjabin khan!] info: Database is connected successfully
Mon May 20 202412:29 :43 [Me Mehjabin khan!] info: Connecting to the database...
Mon May 20 202412:29 :45 [Me Mehjabin khan!] info: Database is connected successfully
Mon May 20 202412:29 :45 [Me Mehjabin khan!] info: Application listening on port 5001
Mon May 20 202412:32 :52 [Me Mehjabin khan!] info: Connecting to the database...
Mon May 20 202412:32 :52 [Me Mehjabin khan!] info: Connecting to the database...
Mon May 20 202412:32 :52 [Me Mehjabin khan!] info: Connecting to the database...
Mon May 20 202412:32 :53 [Me Mehjabin khan!] info: Database is connected successfully
Mon May 20 202412:32 :53 [Me Mehjabin khan!] info: Database is connected successfully
Mon May 20 202412:32 :53 [Me Mehjabin khan!] info: Database is connected successfully
Mon May 20 202412:32 :53 [Me Mehjabin khan!] info: Application listening on port 5001
Mon May 20 202412:44 :30 [Me Mehjabin khan!] info: Connecting to the database...
Mon May 20 202412:44 :30 [Me Mehjabin khan!] info: Connecting to the database...
Mon May 20 202412:44 :32 [Me Mehjabin khan!] info: Database is connected successfully
Mon May 20 202412:44 :32 [Me Mehjabin khan!] info: Application listening on port 5001
Mon May 20 202412:44 :32 [Me Mehjabin khan!] info: Database is connected successfully
Mon May 20 202412:44 :54 [Me Mehjabin khan!] info: Connecting to the database...
Mon May 20 202412:44 :56 [Me Mehjabin khan!] info: Database is connected successfully
Mon May 20 202412:45 :55 [Me Mehjabin khan!] info: Connecting to the database...
Mon May 20 202412:45 :55 [Me Mehjabin khan!] info: Connecting to the database...
Mon May 20 202412:45 :55 [Me Mehjabin khan!] info: Connecting to the database...
Mon May 20 202412:45 :56 [Me Mehjabin khan!] info: Database is connected successfully
Mon May 20 202412:45 :56 [Me Mehjabin khan!] info: Application listening on port 5001
Mon May 20 202412:45 :56 [Me Mehjabin khan!] info: Database is connected successfully
Mon May 20 202412:45 :56 [Me Mehjabin khan!] info: Database is connected successfully
Mon May 20 202412:49 :19 [Me Mehjabin khan!] info: Connecting to the database...
Mon May 20 202412:49 :19 [Me Mehjabin khan!] info: Connecting to the database...
Mon May 20 202412:49 :19 [Me Mehjabin khan!] info: Connecting to the database...
Mon May 20 202412:49 :20 [Me Mehjabin khan!] info: Connecting to the database...
Mon May 20 202412:49 :20 [Me Mehjabin khan!] info: Connecting to the database...
Mon May 20 202412:49 :20 [Me Mehjabin khan!] info: Connecting to the database...
Mon May 20 202412:49 :21 [Me Mehjabin khan!] info: Database is connected successfully
Mon May 20 202412:49 :21 [Me Mehjabin khan!] info: Database is connected successfully
Mon May 20 202412:49 :21 [Me Mehjabin khan!] info: Application listening on port 5001
Mon May 20 202412:49 :21 [Me Mehjabin khan!] info: Database is connected successfully
Mon May 20 202412:49 :39 [Me Mehjabin khan!] info: Connecting to the database...
Mon May 20 202412:49 :39 [Me Mehjabin khan!] info: Connecting to the database...
Mon May 20 202412:49 :39 [Me Mehjabin khan!] info: Connecting to the database...
Mon May 20 202412:49 :42 [Me Mehjabin khan!] info: Database is connected successfully
Mon May 20 202412:49 :42 [Me Mehjabin khan!] info: Application listening on port 5001
Mon May 20 202412:49 :43 [Me Mehjabin khan!] info: Database is connected successfully
Mon May 20 202412:49 :43 [Me Mehjabin khan!] info: Database is connected successfully
Mon May 20 202412:49 :57 [Me Mehjabin khan!] info: Connecting to the database...
Mon May 20 202412:49 :57 [Me Mehjabin khan!] info: Connecting to the database...
Mon May 20 202412:49 :57 [Me Mehjabin khan!] info: Connecting to the database...
Mon May 20 202412:50 :0 [Me Mehjabin khan!] info: Database is connected successfully
Mon May 20 202412:50 :0 [Me Mehjabin khan!] info: Application listening on port 5001
Mon May 20 202412:50 :0 [Me Mehjabin khan!] info: Database is connected successfully
Mon May 20 202412:50 :0 [Me Mehjabin khan!] info: Database is connected successfully
Mon May 20 202414:49 :35 [Me Mehjabin khan!] info: Connecting to the database...
Mon May 20 202414:49 :35 [Me Mehjabin khan!] info: Connecting to the database...
Mon May 20 202414:49 :35 [Me Mehjabin khan!] info: Connecting to the database...
Mon May 20 202414:49 :36 [Me Mehjabin khan!] info: Database is connected successfully
Mon May 20 202414:49 :36 [Me Mehjabin khan!] info: Database is connected successfully
Mon May 20 202414:49 :36 [Me Mehjabin khan!] info: Application listening on port 5001
Mon May 20 202414:49 :36 [Me Mehjabin khan!] info: Database is connected successfully
